[2020-12-06T14:23:37Z] DEBUG    - Logging set up successfully
[2020-12-06T14:23:37Z] DEBUG    - Running None: Namespace(artifact_type=None, command=<function init at 0x11d3ca040>, force=False, subparser_name=None, type_name=None, verbose=0, version=False)
[2020-12-06T14:23:37Z] DEBUG    - Root directory: /Users/silberkopf/Documents/projects/tecracer-github/tRick-benchmarks/serverless-standard/cloudformation/golambda-module
[2020-12-06T14:23:37Z] WARNING  - Initializing new project
[2020-12-06T14:23:37Z] DEBUG    - Loading project file '/Users/silberkopf/Documents/projects/tecracer-github/tRick-benchmarks/serverless-standard/cloudformation/golambda-module/.rpdk-config'
[2020-12-06T14:24:24Z] DEBUG    - Resource type identifier: tecracer::lambda::golambda::MODULE
[2020-12-06T14:24:24Z] DEBUG    - Overwriting '/Users/silberkopf/Documents/projects/tecracer-github/tRick-benchmarks/serverless-standard/cloudformation/golambda-module/.rpdk-config'
[2020-12-06T14:24:24Z] DEBUG    - Fragment directory: /Users/silberkopf/Documents/projects/tecracer-github/tRick-benchmarks/serverless-standard/cloudformation/golambda-module/fragments
[2020-12-06T14:24:24Z] DEBUG    - Overwriting '/Users/silberkopf/Documents/projects/tecracer-github/tRick-benchmarks/serverless-standard/cloudformation/golambda-module/fragments/sample.json'
[2020-12-06T14:24:24Z] WARNING  - Initialized a new project in /Users/silberkopf/Documents/projects/tecracer-github/tRick-benchmarks/serverless-standard/cloudformation/golambda-module
[2020-12-06T14:24:24Z] DEBUG    - Finished None
[2020-12-06T14:36:29Z] DEBUG    - Logging set up successfully
[2020-12-06T14:36:29Z] DEBUG    - Running submit: Namespace(command=<function submit at 0x1188c39d0>, dry_run=False, endpoint_url=None, region=None, role_arn=None, set_default=False, subparser_name='submit', use_role=True, verbose=0, version=False)
[2020-12-06T14:36:29Z] DEBUG    - Root directory: /Users/silberkopf/Documents/projects/tecracer-github/tRick-benchmarks/serverless-standard/cloudformation/golambda-module
[2020-12-06T14:36:29Z] DEBUG    - Loading project file '/Users/silberkopf/Documents/projects/tecracer-github/tRick-benchmarks/serverless-standard/cloudformation/golambda-module/.rpdk-config'
[2020-12-06T14:36:29Z] INFO     - Validating your module fragments...
[2020-12-06T14:36:29Z] DEBUG    - Fragment directory: /Users/silberkopf/Documents/projects/tecracer-github/tRick-benchmarks/serverless-standard/cloudformation/golambda-module/fragments
[2020-12-06T14:36:29Z] DEBUG    - Overwriting '/Users/silberkopf/Documents/projects/tecracer-github/tRick-benchmarks/serverless-standard/cloudformation/golambda-module/schema.json'
[2020-12-06T14:36:29Z] DEBUG    - overrides.json not found. Not writing to package.
[2020-12-06T14:36:29Z] DEBUG    - Packaging complete, uploading...
[2020-12-06T14:36:29Z] DEBUG    - Uploading to region 'eu-central-1'
[2020-12-06T14:36:30Z] INFO     - Creating CloudFormationManagedUploadInfrastructure
[2020-12-06T14:36:30Z] DEBUG    - Waiting for stack 'arn:aws:cloudformation:eu-central-1:795048271754:stack/CloudFormationManagedUploadInfrastructure/6e0af830-37d0-11eb-b8c6-061de7083ac6'
[2020-12-06T14:38:17Z] DEBUG    - Logging set up successfully
[2020-12-06T14:38:17Z] DEBUG    - Running submit: Namespace(command=<function submit at 0x11c1809d0>, dry_run=False, endpoint_url=None, region=None, role_arn=None, set_default=False, subparser_name='submit', use_role=True, verbose=1, version=False)
[2020-12-06T14:38:17Z] DEBUG    - Root directory: /Users/silberkopf/Documents/projects/tecracer-github/tRick-benchmarks/serverless-standard/cloudformation/golambda-module
[2020-12-06T14:38:17Z] DEBUG    - Loading project file '/Users/silberkopf/Documents/projects/tecracer-github/tRick-benchmarks/serverless-standard/cloudformation/golambda-module/.rpdk-config'
[2020-12-06T14:38:17Z] INFO     - Validating your module fragments...
[2020-12-06T14:38:17Z] DEBUG    - Fragment directory: /Users/silberkopf/Documents/projects/tecracer-github/tRick-benchmarks/serverless-standard/cloudformation/golambda-module/fragments
[2020-12-06T14:38:17Z] DEBUG    - Overwriting '/Users/silberkopf/Documents/projects/tecracer-github/tRick-benchmarks/serverless-standard/cloudformation/golambda-module/schema.json'
[2020-12-06T14:38:17Z] DEBUG    - overrides.json not found. Not writing to package.
[2020-12-06T14:38:17Z] DEBUG    - Packaging complete, uploading...
[2020-12-06T14:38:17Z] DEBUG    - Uploading to region 'eu-central-1'
[2020-12-06T14:38:17Z] INFO     - Creating CloudFormationManagedUploadInfrastructure
[2020-12-06T14:38:17Z] INFO     - CloudFormationManagedUploadInfrastructure already exists. Attempting to update
[2020-12-06T14:38:17Z] DEBUG    - CloudFormationManagedUploadInfrastructure stack update resulted in unknown ClientError
Traceback (most recent call last):
  File "/Users/silberkopf/.pyenv/versions/3.8.0/lib/python3.8/site-packages/rpdk/core/upload.py", line 91, in _create_or_update_stack
    result = self.cfn_client.create_stack(
  File "/Users/silberkopf/.pyenv/versions/3.8.0/lib/python3.8/site-packages/botocore/client.py", line 337, in _api_call
    return self._make_api_call(operation_name, kwargs)
  File "/Users/silberkopf/.pyenv/versions/3.8.0/lib/python3.8/site-packages/botocore/client.py", line 656, in _make_api_call
    raise error_class(parsed_response, operation_name)
botocore.errorfactory.AlreadyExistsException: An error occurred (AlreadyExistsException) when calling the CreateStack operation: Stack [CloudFormationManagedUploadInfrastructure] already exists

During handling of the above exception, another exception occurred:

Traceback (most recent call last):
  File "/Users/silberkopf/.pyenv/versions/3.8.0/lib/python3.8/site-packages/rpdk/core/upload.py", line 99, in _create_or_update_stack
    result = self.cfn_client.update_stack(
  File "/Users/silberkopf/.pyenv/versions/3.8.0/lib/python3.8/site-packages/botocore/client.py", line 337, in _api_call
    return self._make_api_call(operation_name, kwargs)
  File "/Users/silberkopf/.pyenv/versions/3.8.0/lib/python3.8/site-packages/botocore/client.py", line 656, in _make_api_call
    raise error_class(parsed_response, operation_name)
botocore.exceptions.ClientError: An error occurred (ValidationError) when calling the UpdateStack operation: Stack:arn:aws:cloudformation:eu-central-1:795048271754:stack/CloudFormationManagedUploadInfrastructure/6e0af830-37d0-11eb-b8c6-061de7083ac6 is in CREATE_IN_PROGRESS state and can not be updated.
[2020-12-06T14:38:17Z] DEBUG    - Caught downstream error
Traceback (most recent call last):
  File "/Users/silberkopf/.pyenv/versions/3.8.0/lib/python3.8/site-packages/rpdk/core/upload.py", line 91, in _create_or_update_stack
    result = self.cfn_client.create_stack(
  File "/Users/silberkopf/.pyenv/versions/3.8.0/lib/python3.8/site-packages/botocore/client.py", line 337, in _api_call
    return self._make_api_call(operation_name, kwargs)
  File "/Users/silberkopf/.pyenv/versions/3.8.0/lib/python3.8/site-packages/botocore/client.py", line 656, in _make_api_call
    raise error_class(parsed_response, operation_name)
botocore.errorfactory.AlreadyExistsException: An error occurred (AlreadyExistsException) when calling the CreateStack operation: Stack [CloudFormationManagedUploadInfrastructure] already exists

During handling of the above exception, another exception occurred:

Traceback (most recent call last):
  File "/Users/silberkopf/.pyenv/versions/3.8.0/lib/python3.8/site-packages/rpdk/core/upload.py", line 99, in _create_or_update_stack
    result = self.cfn_client.update_stack(
  File "/Users/silberkopf/.pyenv/versions/3.8.0/lib/python3.8/site-packages/botocore/client.py", line 337, in _api_call
    return self._make_api_call(operation_name, kwargs)
  File "/Users/silberkopf/.pyenv/versions/3.8.0/lib/python3.8/site-packages/botocore/client.py", line 656, in _make_api_call
    raise error_class(parsed_response, operation_name)
botocore.exceptions.ClientError: An error occurred (ValidationError) when calling the UpdateStack operation: Stack:arn:aws:cloudformation:eu-central-1:795048271754:stack/CloudFormationManagedUploadInfrastructure/6e0af830-37d0-11eb-b8c6-061de7083ac6 is in CREATE_IN_PROGRESS state and can not be updated.

The above exception was the direct cause of the following exception:

Traceback (most recent call last):
  File "/Users/silberkopf/.pyenv/versions/3.8.0/lib/python3.8/site-packages/rpdk/core/cli.py", line 100, in main
    args.command(args)
  File "/Users/silberkopf/.pyenv/versions/3.8.0/lib/python3.8/site-packages/rpdk/core/submit.py", line 15, in submit
    project.submit(
  File "/Users/silberkopf/.pyenv/versions/3.8.0/lib/python3.8/site-packages/rpdk/core/project.py", line 505, in submit
    self._upload(
  File "/Users/silberkopf/.pyenv/versions/3.8.0/lib/python3.8/site-packages/rpdk/core/project.py", line 803, in _upload
    s3_url = uploader.upload(self.hypenated_name, fileobj)
  File "/Users/silberkopf/.pyenv/versions/3.8.0/lib/python3.8/site-packages/rpdk/core/upload.py", line 159, in upload
    stack_id = self._create_or_update_stack(template, INFRA_STACK_NAME)
  File "/Users/silberkopf/.pyenv/versions/3.8.0/lib/python3.8/site-packages/rpdk/core/upload.py", line 114, in _create_or_update_stack
    raise DownstreamError("Unknown CloudFormation error") from e
rpdk.core.exceptions.DownstreamError: Unknown CloudFormation error
[2020-12-06T14:45:17Z] DEBUG    - Logging set up successfully
[2020-12-06T14:45:17Z] DEBUG    - Running submit: Namespace(command=<function submit at 0x1234f39d0>, dry_run=False, endpoint_url=None, region=None, role_arn=None, set_default=False, subparser_name='submit', use_role=True, verbose=1, version=False)
[2020-12-06T14:45:17Z] DEBUG    - Root directory: /Users/silberkopf/Documents/projects/tecracer-github/tRick-benchmarks/serverless-standard/cloudformation/golambda-module
[2020-12-06T14:45:17Z] DEBUG    - Loading project file '/Users/silberkopf/Documents/projects/tecracer-github/tRick-benchmarks/serverless-standard/cloudformation/golambda-module/.rpdk-config'
[2020-12-06T14:45:17Z] INFO     - Validating your module fragments...
[2020-12-06T14:45:17Z] DEBUG    - Fragment directory: /Users/silberkopf/Documents/projects/tecracer-github/tRick-benchmarks/serverless-standard/cloudformation/golambda-module/fragments
[2020-12-06T14:45:17Z] DEBUG    - Overwriting '/Users/silberkopf/Documents/projects/tecracer-github/tRick-benchmarks/serverless-standard/cloudformation/golambda-module/schema.json'
[2020-12-06T14:45:17Z] DEBUG    - overrides.json not found. Not writing to package.
[2020-12-06T14:45:17Z] DEBUG    - Packaging complete, uploading...
[2020-12-06T14:45:17Z] DEBUG    - Uploading to region 'eu-central-1'
[2020-12-06T14:45:17Z] INFO     - Creating CloudFormationManagedUploadInfrastructure
[2020-12-06T14:45:17Z] INFO     - CloudFormationManagedUploadInfrastructure already exists. Attempting to update
[2020-12-06T14:45:17Z] INFO     - CloudFormationManagedUploadInfrastructure stack is up to date
[2020-12-06T14:45:17Z] DEBUG    - Uploading to 'cloudformationmanageduploadinfrast-artifactbucket-sz1g4cfnv7t0/tecracer-lambda-golambda-module-2020-12-06T14-45-17.zip'...
[2020-12-06T14:45:18Z] DEBUG    - Upload complete
[2020-12-06T14:45:18Z] DEBUG    - Got S3 URL: s3://cloudformationmanageduploadinfrast-artifactbucket-sz1g4cfnv7t0/tecracer-lambda-golambda-module-2020-12-06T14-45-17.zip
[2020-12-06T14:45:18Z] DEBUG    - Got Log Role: arn:aws:iam::795048271754:role/CloudFormationManagedUplo-LogAndMetricsDeliveryRol-QAFRJPHRFVVQ
[2020-12-06T14:45:18Z] WARNING  - Successfully submitted type. Waiting for registration with token 'f97e6aee-e00c-4761-9efe-f8edc13f6fad' to complete.
[2020-12-06T14:45:48Z] WARNING  - Registration complete.
[2020-12-06T14:45:48Z] WARNING  - {'ProgressStatus': 'COMPLETE', 'Description': 'Deployment is currently in DEPLOY_STAGE of status COMPLETED; ', 'TypeArn': 'arn:aws:cloudformation:eu-central-1:795048271754:type/module/tecracer-lambda-golambda-MODULE', 'TypeVersionArn': 'arn:aws:cloudformation:eu-central-1:795048271754:type/module/tecracer-lambda-golambda-MODULE/00000001', 'ResponseMetadata': {'RequestId': 'd29a7a74-6208-4937-a855-82fdec913f4f', 'HTTPStatusCode': 200, 'HTTPHeaders': {'x-amzn-requestid': 'd29a7a74-6208-4937-a855-82fdec913f4f', 'content-type': 'text/xml', 'content-length': '703', 'date': 'Sun, 06 Dec 2020 14:45:48 GMT'}, 'RetryAttempts': 0}}
[2020-12-06T14:45:48Z] DEBUG    - Finished submit
[2020-12-06T14:58:41Z] DEBUG    - Logging set up successfully
[2020-12-06T14:58:41Z] DEBUG    - Running submit: Namespace(command=<function submit at 0x11cc67a60>, dry_run=False, endpoint_url=None, region=None, role_arn=None, set_default=False, subparser_name='submit', use_role=True, verbose=1, version=False)
[2020-12-06T14:58:41Z] DEBUG    - Root directory: /Users/silberkopf/Documents/projects/tecracer-github/tRick-benchmarks/serverless-standard/cloudformation/golambda-module
[2020-12-06T14:58:41Z] DEBUG    - Loading project file '/Users/silberkopf/Documents/projects/tecracer-github/tRick-benchmarks/serverless-standard/cloudformation/golambda-module/.rpdk-config'
[2020-12-06T14:58:41Z] INFO     - Validating your module fragments...
[2020-12-06T14:58:41Z] DEBUG    - Fragment directory: /Users/silberkopf/Documents/projects/tecracer-github/tRick-benchmarks/serverless-standard/cloudformation/golambda-module/fragments
[2020-12-06T14:58:41Z] DEBUG    - Invalid template fragment: Template fragment cannot contain any Export. Found an Export statement in Output: LambdaName
Traceback (most recent call last):
  File "/Users/silberkopf/.pyenv/versions/3.8.0/lib/python3.8/site-packages/rpdk/core/project.py", line 421, in load
    self._validate_fragments(template_fragment)
  File "/Users/silberkopf/.pyenv/versions/3.8.0/lib/python3.8/site-packages/rpdk/core/project.py", line 439, in _validate_fragments
    template_fragment.validate_fragments()
  File "/Users/silberkopf/.pyenv/versions/3.8.0/lib/python3.8/site-packages/rpdk/core/fragment/generator.py", line 76, in validate_fragments
    self.__validate_outputs(raw_fragments)
  File "/Users/silberkopf/.pyenv/versions/3.8.0/lib/python3.8/site-packages/rpdk/core/fragment/generator.py", line 80, in __validate_outputs
    self.__validate_no_exports_present(raw_fragments)
  File "/Users/silberkopf/.pyenv/versions/3.8.0/lib/python3.8/site-packages/rpdk/core/fragment/generator.py", line 88, in __validate_no_exports_present
    raise FragmentValidationError(
rpdk.core.exceptions.FragmentValidationError: Template fragment cannot contain any Export. Found an Export statement in Output: LambdaName
[2020-12-06T14:58:41Z] DEBUG    - Caught exit recommendation
Traceback (most recent call last):
  File "/Users/silberkopf/.pyenv/versions/3.8.0/lib/python3.8/site-packages/rpdk/core/project.py", line 421, in load
    self._validate_fragments(template_fragment)
  File "/Users/silberkopf/.pyenv/versions/3.8.0/lib/python3.8/site-packages/rpdk/core/project.py", line 439, in _validate_fragments
    template_fragment.validate_fragments()
  File "/Users/silberkopf/.pyenv/versions/3.8.0/lib/python3.8/site-packages/rpdk/core/fragment/generator.py", line 76, in validate_fragments
    self.__validate_outputs(raw_fragments)
  File "/Users/silberkopf/.pyenv/versions/3.8.0/lib/python3.8/site-packages/rpdk/core/fragment/generator.py", line 80, in __validate_outputs
    self.__validate_no_exports_present(raw_fragments)
  File "/Users/silberkopf/.pyenv/versions/3.8.0/lib/python3.8/site-packages/rpdk/core/fragment/generator.py", line 88, in __validate_no_exports_present
    raise FragmentValidationError(
rpdk.core.exceptions.FragmentValidationError: Template fragment cannot contain any Export. Found an Export statement in Output: LambdaName

The above exception was the direct cause of the following exception:

Traceback (most recent call last):
  File "/Users/silberkopf/.pyenv/versions/3.8.0/lib/python3.8/site-packages/rpdk/core/cli.py", line 100, in main
    args.command(args)
  File "/Users/silberkopf/.pyenv/versions/3.8.0/lib/python3.8/site-packages/rpdk/core/submit.py", line 14, in submit
    project.load()
  File "/Users/silberkopf/.pyenv/versions/3.8.0/lib/python3.8/site-packages/rpdk/core/project.py", line 424, in load
    self._raise_invalid_project(msg, e)
  File "/Users/silberkopf/.pyenv/versions/3.8.0/lib/python3.8/site-packages/rpdk/core/project.py", line 183, in _raise_invalid_project
    raise InvalidProjectError(msg) from e
rpdk.core.exceptions.InvalidProjectError: Invalid template fragment: Template fragment cannot contain any Export. Found an Export statement in Output: LambdaName
[2020-12-06T14:58:41Z] CRITICAL - Invalid template fragment: Template fragment cannot contain any Export. Found an Export statement in Output: LambdaName
[2020-12-06T15:27:47Z] DEBUG    - Logging set up successfully
[2020-12-06T15:27:47Z] DEBUG    - Running submit: Namespace(command=<function submit at 0x102ef6a60>, dry_run=False, endpoint_url=None, region=None, role_arn=None, set_default=False, subparser_name='submit', use_role=True, verbose=1, version=False)
[2020-12-06T15:27:47Z] DEBUG    - Root directory: /Users/silberkopf/Documents/projects/tecracer-github/tRick-benchmarks/serverless-standard/cloudformation/golambda-module
[2020-12-06T15:27:47Z] DEBUG    - Loading project file '/Users/silberkopf/Documents/projects/tecracer-github/tRick-benchmarks/serverless-standard/cloudformation/golambda-module/.rpdk-config'
[2020-12-06T15:27:47Z] INFO     - Validating your module fragments...
[2020-12-06T15:27:47Z] DEBUG    - Fragment directory: /Users/silberkopf/Documents/projects/tecracer-github/tRick-benchmarks/serverless-standard/cloudformation/golambda-module/fragments
[2020-12-06T15:27:47Z] DEBUG    - Invalid template fragment: A Module can only consist of a single template file, but there are 2: ['/Users/silberkopf/Documents/projects/tecracer-github/tRick-benchmarks/serverless-standard/cloudformation/golambda-module/fragments/golambda.json', '/Users/silberkopf/Documents/projects/tecracer-github/tRick-benchmarks/serverless-standard/cloudformation/golambda-module/fragments/table.json']
Traceback (most recent call last):
  File "/Users/silberkopf/.pyenv/versions/3.8.0/lib/python3.8/site-packages/rpdk/core/project.py", line 421, in load
    self._validate_fragments(template_fragment)
  File "/Users/silberkopf/.pyenv/versions/3.8.0/lib/python3.8/site-packages/rpdk/core/project.py", line 439, in _validate_fragments
    template_fragment.validate_fragments()
  File "/Users/silberkopf/.pyenv/versions/3.8.0/lib/python3.8/site-packages/rpdk/core/fragment/generator.py", line 71, in validate_fragments
    raw_fragments = self._read_raw_fragments()
  File "/Users/silberkopf/.pyenv/versions/3.8.0/lib/python3.8/site-packages/rpdk/core/fragment/generator.py", line 290, in _read_raw_fragments
    return self._load_fragment(self._get_fragment_file())
  File "/Users/silberkopf/.pyenv/versions/3.8.0/lib/python3.8/site-packages/rpdk/core/fragment/generator.py", line 311, in _get_fragment_file
    raise FragmentValidationError(
rpdk.core.exceptions.FragmentValidationError: A Module can only consist of a single template file, but there are 2: ['/Users/silberkopf/Documents/projects/tecracer-github/tRick-benchmarks/serverless-standard/cloudformation/golambda-module/fragments/golambda.json', '/Users/silberkopf/Documents/projects/tecracer-github/tRick-benchmarks/serverless-standard/cloudformation/golambda-module/fragments/table.json']
[2020-12-06T15:27:47Z] DEBUG    - Caught exit recommendation
Traceback (most recent call last):
  File "/Users/silberkopf/.pyenv/versions/3.8.0/lib/python3.8/site-packages/rpdk/core/project.py", line 421, in load
    self._validate_fragments(template_fragment)
  File "/Users/silberkopf/.pyenv/versions/3.8.0/lib/python3.8/site-packages/rpdk/core/project.py", line 439, in _validate_fragments
    template_fragment.validate_fragments()
  File "/Users/silberkopf/.pyenv/versions/3.8.0/lib/python3.8/site-packages/rpdk/core/fragment/generator.py", line 71, in validate_fragments
    raw_fragments = self._read_raw_fragments()
  File "/Users/silberkopf/.pyenv/versions/3.8.0/lib/python3.8/site-packages/rpdk/core/fragment/generator.py", line 290, in _read_raw_fragments
    return self._load_fragment(self._get_fragment_file())
  File "/Users/silberkopf/.pyenv/versions/3.8.0/lib/python3.8/site-packages/rpdk/core/fragment/generator.py", line 311, in _get_fragment_file
    raise FragmentValidationError(
rpdk.core.exceptions.FragmentValidationError: A Module can only consist of a single template file, but there are 2: ['/Users/silberkopf/Documents/projects/tecracer-github/tRick-benchmarks/serverless-standard/cloudformation/golambda-module/fragments/golambda.json', '/Users/silberkopf/Documents/projects/tecracer-github/tRick-benchmarks/serverless-standard/cloudformation/golambda-module/fragments/table.json']

The above exception was the direct cause of the following exception:

Traceback (most recent call last):
  File "/Users/silberkopf/.pyenv/versions/3.8.0/lib/python3.8/site-packages/rpdk/core/cli.py", line 100, in main
    args.command(args)
  File "/Users/silberkopf/.pyenv/versions/3.8.0/lib/python3.8/site-packages/rpdk/core/submit.py", line 14, in submit
    project.load()
  File "/Users/silberkopf/.pyenv/versions/3.8.0/lib/python3.8/site-packages/rpdk/core/project.py", line 424, in load
    self._raise_invalid_project(msg, e)
  File "/Users/silberkopf/.pyenv/versions/3.8.0/lib/python3.8/site-packages/rpdk/core/project.py", line 183, in _raise_invalid_project
    raise InvalidProjectError(msg) from e
rpdk.core.exceptions.InvalidProjectError: Invalid template fragment: A Module can only consist of a single template file, but there are 2: ['/Users/silberkopf/Documents/projects/tecracer-github/tRick-benchmarks/serverless-standard/cloudformation/golambda-module/fragments/golambda.json', '/Users/silberkopf/Documents/projects/tecracer-github/tRick-benchmarks/serverless-standard/cloudformation/golambda-module/fragments/table.json']
[2020-12-06T15:27:47Z] CRITICAL - Invalid template fragment: A Module can only consist of a single template file, but there are 2: ['/Users/silberkopf/Documents/projects/tecracer-github/tRick-benchmarks/serverless-standard/cloudformation/golambda-module/fragments/golambda.json', '/Users/silberkopf/Documents/projects/tecracer-github/tRick-benchmarks/serverless-standard/cloudformation/golambda-module/fragments/table.json']
[2020-12-06T15:29:17Z] DEBUG    - Logging set up successfully
[2020-12-06T15:29:17Z] DEBUG    - Running submit: Namespace(command=<function submit at 0x115966a60>, dry_run=False, endpoint_url=None, region=None, role_arn=None, set_default=False, subparser_name='submit', use_role=True, verbose=1, version=False)
[2020-12-06T15:29:17Z] DEBUG    - Root directory: /Users/silberkopf/Documents/projects/tecracer-github/tRick-benchmarks/serverless-standard/cloudformation/golambda-module
[2020-12-06T15:29:17Z] DEBUG    - Loading project file '/Users/silberkopf/Documents/projects/tecracer-github/tRick-benchmarks/serverless-standard/cloudformation/golambda-module/.rpdk-config'
[2020-12-06T15:29:17Z] INFO     - Validating your module fragments...
[2020-12-06T15:29:17Z] DEBUG    - Fragment directory: /Users/silberkopf/Documents/projects/tecracer-github/tRick-benchmarks/serverless-standard/cloudformation/golambda-module/fragments
[2020-12-06T15:29:17Z] DEBUG    - Overwriting '/Users/silberkopf/Documents/projects/tecracer-github/tRick-benchmarks/serverless-standard/cloudformation/golambda-module/schema.json'
[2020-12-06T15:29:17Z] DEBUG    - overrides.json not found. Not writing to package.
[2020-12-06T15:29:17Z] DEBUG    - Packaging complete, uploading...
[2020-12-06T15:29:17Z] DEBUG    - Uploading to region 'eu-central-1'
[2020-12-06T15:29:17Z] INFO     - Creating CloudFormationManagedUploadInfrastructure
[2020-12-06T15:29:17Z] INFO     - CloudFormationManagedUploadInfrastructure already exists. Attempting to update
[2020-12-06T15:29:18Z] INFO     - CloudFormationManagedUploadInfrastructure stack is up to date
[2020-12-06T15:29:18Z] DEBUG    - Uploading to 'cloudformationmanageduploadinfrast-artifactbucket-sz1g4cfnv7t0/tecracer-lambda-golambda-module-2020-12-06T15-29-18.zip'...
[2020-12-06T15:29:18Z] DEBUG    - Upload complete
[2020-12-06T15:29:18Z] DEBUG    - Got S3 URL: s3://cloudformationmanageduploadinfrast-artifactbucket-sz1g4cfnv7t0/tecracer-lambda-golambda-module-2020-12-06T15-29-18.zip
[2020-12-06T15:29:18Z] DEBUG    - Got Log Role: arn:aws:iam::795048271754:role/CloudFormationManagedUplo-LogAndMetricsDeliveryRol-QAFRJPHRFVVQ
[2020-12-06T15:29:18Z] WARNING  - Successfully submitted type. Waiting for registration with token '79f675f3-6ff0-4c74-8e4f-9f6c04eb57f5' to complete.
[2020-12-06T15:29:49Z] WARNING  - Registration complete.
[2020-12-06T15:29:49Z] WARNING  - {'ProgressStatus': 'COMPLETE', 'Description': 'Deployment is currently in DEPLOY_STAGE of status COMPLETED; ', 'TypeArn': 'arn:aws:cloudformation:eu-central-1:795048271754:type/module/tecracer-lambda-golambda-MODULE', 'TypeVersionArn': 'arn:aws:cloudformation:eu-central-1:795048271754:type/module/tecracer-lambda-golambda-MODULE/00000002', 'ResponseMetadata': {'RequestId': 'ee41028b-a059-426b-a3f6-ba6bcddc50ab', 'HTTPStatusCode': 200, 'HTTPHeaders': {'x-amzn-requestid': 'ee41028b-a059-426b-a3f6-ba6bcddc50ab', 'content-type': 'text/xml', 'content-length': '703', 'date': 'Sun, 06 Dec 2020 15:29:48 GMT'}, 'RetryAttempts': 0}}
[2020-12-06T15:29:49Z] DEBUG    - Finished submit
[2020-12-06T15:30:21Z] DEBUG    - Logging set up successfully
[2020-12-06T15:30:21Z] DEBUG    - Running submit: Namespace(command=<function submit at 0x11cb58a60>, dry_run=False, endpoint_url=None, region=None, role_arn=None, set_default=False, subparser_name='submit', use_role=True, verbose=1, version=False)
[2020-12-06T15:30:21Z] DEBUG    - Root directory: /Users/silberkopf/Documents/projects/tecracer-github/tRick-benchmarks/serverless-standard/cloudformation/golambda-module
[2020-12-06T15:30:21Z] DEBUG    - Loading project file '/Users/silberkopf/Documents/projects/tecracer-github/tRick-benchmarks/serverless-standard/cloudformation/golambda-module/.rpdk-config'
[2020-12-06T15:30:21Z] INFO     - Validating your module fragments...
[2020-12-06T15:30:21Z] DEBUG    - Fragment directory: /Users/silberkopf/Documents/projects/tecracer-github/tRick-benchmarks/serverless-standard/cloudformation/golambda-module/fragments
[2020-12-06T15:30:21Z] DEBUG    - Overwriting '/Users/silberkopf/Documents/projects/tecracer-github/tRick-benchmarks/serverless-standard/cloudformation/golambda-module/schema.json'
[2020-12-06T15:30:21Z] DEBUG    - overrides.json not found. Not writing to package.
[2020-12-06T15:30:21Z] DEBUG    - Packaging complete, uploading...
[2020-12-06T15:30:21Z] DEBUG    - Uploading to region 'eu-central-1'
[2020-12-06T15:30:21Z] INFO     - Creating CloudFormationManagedUploadInfrastructure
[2020-12-06T15:30:21Z] INFO     - CloudFormationManagedUploadInfrastructure already exists. Attempting to update
[2020-12-06T15:30:21Z] INFO     - CloudFormationManagedUploadInfrastructure stack is up to date
[2020-12-06T15:30:21Z] DEBUG    - Uploading to 'cloudformationmanageduploadinfrast-artifactbucket-sz1g4cfnv7t0/tecracer-lambda-golambda-module-2020-12-06T15-30-21.zip'...
[2020-12-06T15:30:22Z] DEBUG    - Upload complete
[2020-12-06T15:30:22Z] DEBUG    - Got S3 URL: s3://cloudformationmanageduploadinfrast-artifactbucket-sz1g4cfnv7t0/tecracer-lambda-golambda-module-2020-12-06T15-30-21.zip
[2020-12-06T15:30:22Z] DEBUG    - Got Log Role: arn:aws:iam::795048271754:role/CloudFormationManagedUplo-LogAndMetricsDeliveryRol-QAFRJPHRFVVQ
[2020-12-06T15:30:22Z] WARNING  - Successfully submitted type. Waiting for registration with token '080d3b05-362d-4cfb-b1eb-bee3f8cc02b2' to complete.
[2020-12-06T15:30:52Z] WARNING  - Registration complete.
[2020-12-06T15:30:52Z] WARNING  - {'ProgressStatus': 'COMPLETE', 'Description': 'Deployment is currently in DEPLOY_STAGE of status COMPLETED; ', 'TypeArn': 'arn:aws:cloudformation:eu-central-1:795048271754:type/module/tecracer-lambda-golambda-MODULE', 'TypeVersionArn': 'arn:aws:cloudformation:eu-central-1:795048271754:type/module/tecracer-lambda-golambda-MODULE/00000003', 'ResponseMetadata': {'RequestId': '4796747c-a435-4a78-bc47-bc11cf7680e6', 'HTTPStatusCode': 200, 'HTTPHeaders': {'x-amzn-requestid': '4796747c-a435-4a78-bc47-bc11cf7680e6', 'content-type': 'text/xml', 'content-length': '703', 'date': 'Sun, 06 Dec 2020 15:30:51 GMT'}, 'RetryAttempts': 0}}
[2020-12-06T15:30:52Z] DEBUG    - Finished submit
[2020-12-06T15:41:30Z] DEBUG    - Logging set up successfully
[2020-12-06T15:41:30Z] DEBUG    - Running submit: Namespace(command=<function submit at 0x108332a60>, dry_run=False, endpoint_url=None, region=None, role_arn=None, set_default=False, subparser_name='submit', use_role=True, verbose=1, version=False)
[2020-12-06T15:41:30Z] DEBUG    - Root directory: /Users/silberkopf/Documents/projects/tecracer-github/tRick-benchmarks/serverless-standard/cloudformation/golambda-module
[2020-12-06T15:41:30Z] DEBUG    - Loading project file '/Users/silberkopf/Documents/projects/tecracer-github/tRick-benchmarks/serverless-standard/cloudformation/golambda-module/.rpdk-config'
[2020-12-06T15:41:30Z] INFO     - Validating your module fragments...
[2020-12-06T15:41:30Z] DEBUG    - Fragment directory: /Users/silberkopf/Documents/projects/tecracer-github/tRick-benchmarks/serverless-standard/cloudformation/golambda-module/fragments
[2020-12-06T15:41:30Z] DEBUG    - Overwriting '/Users/silberkopf/Documents/projects/tecracer-github/tRick-benchmarks/serverless-standard/cloudformation/golambda-module/schema.json'
[2020-12-06T15:41:30Z] DEBUG    - overrides.json not found. Not writing to package.
[2020-12-06T15:41:30Z] DEBUG    - Packaging complete, uploading...
[2020-12-06T15:41:30Z] DEBUG    - Uploading to region 'eu-central-1'
[2020-12-06T15:41:30Z] INFO     - Creating CloudFormationManagedUploadInfrastructure
[2020-12-06T15:41:30Z] INFO     - CloudFormationManagedUploadInfrastructure already exists. Attempting to update
[2020-12-06T15:41:31Z] INFO     - CloudFormationManagedUploadInfrastructure stack is up to date
[2020-12-06T15:41:31Z] DEBUG    - Uploading to 'cloudformationmanageduploadinfrast-artifactbucket-sz1g4cfnv7t0/tecracer-lambda-golambda-module-2020-12-06T15-41-31.zip'...
[2020-12-06T15:41:31Z] DEBUG    - Upload complete
[2020-12-06T15:41:31Z] DEBUG    - Got S3 URL: s3://cloudformationmanageduploadinfrast-artifactbucket-sz1g4cfnv7t0/tecracer-lambda-golambda-module-2020-12-06T15-41-31.zip
[2020-12-06T15:41:31Z] DEBUG    - Got Log Role: arn:aws:iam::795048271754:role/CloudFormationManagedUplo-LogAndMetricsDeliveryRol-QAFRJPHRFVVQ
[2020-12-06T15:41:31Z] WARNING  - Successfully submitted type. Waiting for registration with token '7e6c2e6b-c7c8-46cd-b510-8fa2fc29d698' to complete.
[2020-12-06T15:42:01Z] WARNING  - Registration complete.
[2020-12-06T15:42:02Z] WARNING  - {'ProgressStatus': 'COMPLETE', 'Description': 'Deployment is currently in DEPLOY_STAGE of status COMPLETED; ', 'TypeArn': 'arn:aws:cloudformation:eu-central-1:795048271754:type/module/tecracer-lambda-golambda-MODULE', 'TypeVersionArn': 'arn:aws:cloudformation:eu-central-1:795048271754:type/module/tecracer-lambda-golambda-MODULE/00000004', 'ResponseMetadata': {'RequestId': 'df5cc316-0f2a-44ef-90fe-48d2ea6db8f8', 'HTTPStatusCode': 200, 'HTTPHeaders': {'x-amzn-requestid': 'df5cc316-0f2a-44ef-90fe-48d2ea6db8f8', 'content-type': 'text/xml', 'content-length': '703', 'date': 'Sun, 06 Dec 2020 15:42:01 GMT'}, 'RetryAttempts': 0}}
[2020-12-06T15:42:02Z] DEBUG    - Finished submit
[2020-12-06T16:23:34Z] DEBUG    - Logging set up successfully
[2020-12-06T16:23:34Z] DEBUG    - Running submit: Namespace(command=<function submit at 0x1236f0a60>, dry_run=False, endpoint_url=None, region=None, role_arn=None, set_default=False, subparser_name='submit', use_role=True, verbose=1, version=False)
[2020-12-06T16:23:34Z] DEBUG    - Root directory: /Users/silberkopf/Documents/projects/tecracer-github/tRick-benchmarks/serverless-standard/cloudformation/golambda-module
[2020-12-06T16:23:34Z] DEBUG    - Loading project file '/Users/silberkopf/Documents/projects/tecracer-github/tRick-benchmarks/serverless-standard/cloudformation/golambda-module/.rpdk-config'
[2020-12-06T16:23:34Z] INFO     - Validating your module fragments...
[2020-12-06T16:23:34Z] DEBUG    - Fragment directory: /Users/silberkopf/Documents/projects/tecracer-github/tRick-benchmarks/serverless-standard/cloudformation/golambda-module/fragments
[2020-12-06T16:23:34Z] DEBUG    - Overwriting '/Users/silberkopf/Documents/projects/tecracer-github/tRick-benchmarks/serverless-standard/cloudformation/golambda-module/schema.json'
[2020-12-06T16:23:34Z] DEBUG    - overrides.json not found. Not writing to package.
[2020-12-06T16:23:34Z] DEBUG    - Packaging complete, uploading...
[2020-12-06T16:23:34Z] DEBUG    - Uploading to region 'eu-central-1'
[2020-12-06T16:23:34Z] INFO     - Creating CloudFormationManagedUploadInfrastructure
[2020-12-06T16:23:34Z] INFO     - CloudFormationManagedUploadInfrastructure already exists. Attempting to update
[2020-12-06T16:23:34Z] INFO     - CloudFormationManagedUploadInfrastructure stack is up to date
[2020-12-06T16:23:34Z] DEBUG    - Uploading to 'cloudformationmanageduploadinfrast-artifactbucket-sz1g4cfnv7t0/tecracer-lambda-golambda-module-2020-12-06T16-23-34.zip'...
[2020-12-06T16:23:35Z] DEBUG    - Upload complete
[2020-12-06T16:23:35Z] DEBUG    - Got S3 URL: s3://cloudformationmanageduploadinfrast-artifactbucket-sz1g4cfnv7t0/tecracer-lambda-golambda-module-2020-12-06T16-23-34.zip
[2020-12-06T16:23:35Z] DEBUG    - Got Log Role: arn:aws:iam::795048271754:role/CloudFormationManagedUplo-LogAndMetricsDeliveryRol-QAFRJPHRFVVQ
[2020-12-06T16:23:35Z] WARNING  - Successfully submitted type. Waiting for registration with token '25c44d88-367a-4c69-a598-acf65f50c6cb' to complete.
[2020-12-06T16:24:05Z] WARNING  - Registration complete.
[2020-12-06T16:24:05Z] WARNING  - {'ProgressStatus': 'COMPLETE', 'Description': 'Deployment is currently in DEPLOY_STAGE of status COMPLETED; ', 'TypeArn': 'arn:aws:cloudformation:eu-central-1:795048271754:type/module/tecracer-lambda-golambda-MODULE', 'TypeVersionArn': 'arn:aws:cloudformation:eu-central-1:795048271754:type/module/tecracer-lambda-golambda-MODULE/00000005', 'ResponseMetadata': {'RequestId': 'b9d34195-7ac0-47a5-a3ca-b0ca20a76b6a', 'HTTPStatusCode': 200, 'HTTPHeaders': {'x-amzn-requestid': 'b9d34195-7ac0-47a5-a3ca-b0ca20a76b6a', 'content-type': 'text/xml', 'content-length': '703', 'date': 'Sun, 06 Dec 2020 16:24:05 GMT'}, 'RetryAttempts': 0}}
[2020-12-06T16:24:05Z] DEBUG    - Finished submit
[2020-12-06T16:27:48Z] DEBUG    - Logging set up successfully
[2020-12-06T16:27:48Z] DEBUG    - Running submit: Namespace(command=<function submit at 0x11dd85a60>, dry_run=False, endpoint_url=None, region=None, role_arn=None, set_default=False, subparser_name='submit', use_role=True, verbose=1, version=False)
[2020-12-06T16:27:48Z] DEBUG    - Root directory: /Users/silberkopf/Documents/projects/tecracer-github/tRick-benchmarks/serverless-standard/cloudformation/golambda-module
[2020-12-06T16:27:48Z] DEBUG    - Loading project file '/Users/silberkopf/Documents/projects/tecracer-github/tRick-benchmarks/serverless-standard/cloudformation/golambda-module/.rpdk-config'
[2020-12-06T16:27:48Z] INFO     - Validating your module fragments...
[2020-12-06T16:27:48Z] DEBUG    - Fragment directory: /Users/silberkopf/Documents/projects/tecracer-github/tRick-benchmarks/serverless-standard/cloudformation/golambda-module/fragments
[2020-12-06T16:27:48Z] DEBUG    - Overwriting '/Users/silberkopf/Documents/projects/tecracer-github/tRick-benchmarks/serverless-standard/cloudformation/golambda-module/schema.json'
[2020-12-06T16:27:48Z] DEBUG    - overrides.json not found. Not writing to package.
[2020-12-06T16:27:48Z] DEBUG    - Packaging complete, uploading...
[2020-12-06T16:27:48Z] DEBUG    - Uploading to region 'eu-central-1'
[2020-12-06T16:27:48Z] INFO     - Creating CloudFormationManagedUploadInfrastructure
[2020-12-06T16:27:48Z] INFO     - CloudFormationManagedUploadInfrastructure already exists. Attempting to update
[2020-12-06T16:27:48Z] INFO     - CloudFormationManagedUploadInfrastructure stack is up to date
[2020-12-06T16:27:49Z] DEBUG    - Uploading to 'cloudformationmanageduploadinfrast-artifactbucket-sz1g4cfnv7t0/tecracer-lambda-golambda-module-2020-12-06T16-27-49.zip'...
[2020-12-06T16:27:49Z] DEBUG    - Upload complete
[2020-12-06T16:27:49Z] DEBUG    - Got S3 URL: s3://cloudformationmanageduploadinfrast-artifactbucket-sz1g4cfnv7t0/tecracer-lambda-golambda-module-2020-12-06T16-27-49.zip
[2020-12-06T16:27:49Z] DEBUG    - Got Log Role: arn:aws:iam::795048271754:role/CloudFormationManagedUplo-LogAndMetricsDeliveryRol-QAFRJPHRFVVQ
[2020-12-06T16:27:49Z] WARNING  - Successfully submitted type. Waiting for registration with token '566b9c44-ddc0-4bf0-8715-cd9bc6cbf852' to complete.
[2020-12-06T16:28:19Z] WARNING  - Registration complete.
[2020-12-06T16:28:19Z] WARNING  - {'ProgressStatus': 'COMPLETE', 'Description': 'Deployment is currently in DEPLOY_STAGE of status COMPLETED; ', 'TypeArn': 'arn:aws:cloudformation:eu-central-1:795048271754:type/module/tecracer-lambda-golambda-MODULE', 'TypeVersionArn': 'arn:aws:cloudformation:eu-central-1:795048271754:type/module/tecracer-lambda-golambda-MODULE/00000006', 'ResponseMetadata': {'RequestId': '25ba98df-f4e0-4c21-b692-4b6306bd380a', 'HTTPStatusCode': 200, 'HTTPHeaders': {'x-amzn-requestid': '25ba98df-f4e0-4c21-b692-4b6306bd380a', 'content-type': 'text/xml', 'content-length': '703', 'date': 'Sun, 06 Dec 2020 16:28:19 GMT'}, 'RetryAttempts': 0}}
[2020-12-06T16:28:19Z] DEBUG    - Finished submit
